Using pre-set license
Built from '2020.3/staging' branch; Version is '2020.3.4f1 (0abb6314276a) revision 703331'; Using compiler version '192528614'; Build Type 'Release'
OS: 'Windows 10 Home China; OS build 22000.1098; Version 2009; 64bit' Language: 'zh' Physical Memory: 16124 MB
BatchMode: 1, IsHumanControllingUs: 0, StartBugReporterOnCrash: 0, Is64bit: 1, IsPro: 0

 COMMAND LINE ARGUMENTS:
D:\unity\2020.3.4f1\Editor\Unity.exe
-adb2
-batchMode
-noUpm
-name
AssetImportWorker0
-projectPath
C:/Users/Lenovo/Documents/GitHub/IGB200
-logFile
Logs/AssetImportWorker0.log
-srvPort
63763
Successfully changed project path to: C:/Users/Lenovo/Documents/GitHub/IGB200
C:/Users/Lenovo/Documents/GitHub/IGB200
Using Asset Import Pipeline V2.
Refreshing native plugins compatible for Editor in 52.38 ms, found 6 plugins.
Preloading 0 native plugins for Editor in 0.00 ms.
Initialize engine version: 2020.3.4f1 (0abb6314276a)
[Subsystems] Discovering subsystems at path D:/unity/2020.3.4f1/Editor/Data/Resources/UnitySubsystems
[Subsystems] Discovering subsystems at path C:/Users/Lenovo/Documents/GitHub/IGB200/Assets
GfxDevice: creating device client; threaded=0
Direct3D:
    Version:  Direct3D 11.0 [level 11.1]
    Renderer: NVIDIA GeForce RTX 3070 Laptop GPU (ID=0x24dd)
    Vendor:   
    VRAM:     8044 MB
    Driver:   31.0.15.1700
Initialize mono
Mono path[0] = 'D:/unity/2020.3.4f1/Editor/Data/Managed'
Mono path[1] = 'D:/unity/2020.3.4f1/Editor/Data/MonoBleedingEdge/lib/mono/unityjit'
Mono config path = 'D:/unity/2020.3.4f1/Editor/Data/MonoBleedingEdge/etc'
Using monoOptions --debugger-agent=transport=dt_socket,embedding=1,server=y,suspend=n,address=127.0.0.1:56476
Begin MonoManager ReloadAssembly
Registering precompiled unity dll's ...
Register platform support module: D:/unity/2020.3.4f1/Editor/Data/PlaybackEngines/WindowsStandaloneSupport/UnityEditor.WindowsStandalone.Extensions.dll
Registered in 0.001208 seconds.
Native extension for WindowsStandalone target not found
Refreshing native plugins compatible for Editor in 45.25 ms, found 6 plugins.
Preloading 0 native plugins for Editor in 0.00 ms.
Mono: successfully reloaded assembly
- Completed reload, in  1.387 seconds
Platform modules already initialized, skipping
Registering precompiled user dll's ...
Registered in 0.003484 seconds.
Begin MonoManager ReloadAssembly
Native extension for WindowsStandalone target not found
Refreshing native plugins compatible for Editor in 41.80 ms, found 6 plugins.
Preloading 0 native plugins for Editor in 0.00 ms.
Mono: successfully reloaded assembly
- Completed reload, in  0.707 seconds
Platform modules already initialized, skipping
========================================================================
Worker process is ready to serve import requests
Launched and connected shader compiler UnityShaderCompiler.exe after 0.04 seconds
Refreshing native plugins compatible for Editor in 0.50 ms, found 6 plugins.
Preloading 0 native plugins for Editor in 0.00 ms.
Unloading 2616 Unused Serialized files (Serialized files now loaded: 0)
System memory in use before: 119.0 MB.
System memory in use after: 119.2 MB.

Unloading 30 unused Assets to reduce memory usage. Loaded Objects now: 3052.
Total: 1.760300 ms (FindLiveObjects: 0.155800 ms CreateObjectMapping: 0.060300 ms MarkObjects: 1.445200 ms  DeleteObjects: 0.098100 ms)

========================================================================
Received Import Request.
  path: Assets/Main.mixer
  artifactKey: Guid(06374930805b39a4692d33a50a56bcf8) Importer(815301076,1909f56bfc062723c751e8b465ee728b)
Start importing Assets/Main.mixer using Guid(06374930805b39a4692d33a50a56bcf8) Importer(815301076,1909f56bfc062723c751e8b465ee728b)  -> (artifact id: '7cd382133443e60c72146b3cd31ceda9') in 0.026461 seconds
  Import took 0.029486 seconds .

========================================================================
Received Import Request.
  Time since last request: 11.297621 seconds.
  path: Assets/art made/BasketBall.fbx
  artifactKey: Guid(06442beab7abeda47a27999f260eaadd) Importer(815301076,1909f56bfc062723c751e8b465ee728b)
Start importing Assets/art made/BasketBall.fbx using Guid(06442beab7abeda47a27999f260eaadd) Importer(815301076,1909f56bfc062723c751e8b465ee728b)  -> (artifact id: 'b4673bb9ce57f64cad5567b03300c8c0') in 0.116459 seconds
  Import took 0.119970 seconds .

========================================================================
Received Import Request.
  Time since last request: 2.020977 seconds.
  path: Assets/art made/Models/BasketballCourt.obj
  artifactKey: Guid(0296f5ad1efb0cb468fd341e8d692a16) Importer(815301076,1909f56bfc062723c751e8b465ee728b)
Start importing Assets/art made/Models/BasketballCourt.obj using Guid(0296f5ad1efb0cb468fd341e8d692a16) Importer(815301076,1909f56bfc062723c751e8b465ee728b)  -> (artifact id: '035416f2f0e54c61d9ddfd0bfe743c0c') in 1.746664 seconds
  Import took 1.754232 seconds .

========================================================================
Received Import Request.
  Time since last request: 214.408454 seconds.
  path: Assets/art made/Textures/backboard_lambert1_Height.png
  artifactKey: Guid(834a5fab8119d004a9d059c6fb20117b) Importer(815301076,1909f56bfc062723c751e8b465ee728b)
Start importing Assets/art made/Textures/backboard_lambert1_Height.png using Guid(834a5fab8119d004a9d059c6fb20117b) Importer(815301076,1909f56bfc062723c751e8b465ee728b)  -> (artifact id: 'd62416b7d51ad254f8bc6078d804b3d1') in 0.064228 seconds
  Import took 0.068870 seconds .

========================================================================
Received Import Request.
  Time since last request: 0.000282 seconds.
  path: Assets/art made/Textures/backboard_lambert1_Normal.png
  artifactKey: Guid(0838b6a3f153c2f4aa0049b22fbb703a) Importer(815301076,1909f56bfc062723c751e8b465ee728b)
Start importing Assets/art made/Textures/backboard_lambert1_Normal.png using Guid(0838b6a3f153c2f4aa0049b22fbb703a) Importer(815301076,1909f56bfc062723c751e8b465ee728b)  -> (artifact id: 'a9f2f43fbe750afcbf6350c6c3064118') in 0.011011 seconds
  Import took 0.014261 seconds .

========================================================================
Received Import Request.
  Time since last request: 0.000168 seconds.
  path: Assets/art made/Textures/backboard_lambert1_Roughness.png
  artifactKey: Guid(91546630e314e1443aaa87570cc7e6c9) Importer(815301076,1909f56bfc062723c751e8b465ee728b)
Start importing Assets/art made/Textures/backboard_lambert1_Roughness.png using Guid(91546630e314e1443aaa87570cc7e6c9) Importer(815301076,1909f56bfc062723c751e8b465ee728b)  -> (artifact id: '2ee14da51d9752ee8f29c6a1080b57c8') in 0.025295 seconds
  Import took 0.028427 seconds .

========================================================================
Received Import Request.
  Time since last request: 0.000210 seconds.
  path: Assets/art made/Textures/backboard_lambert1_Metallic.png
  artifactKey: Guid(63166be6660bdc34296e0afd63b91882) Importer(815301076,1909f56bfc062723c751e8b465ee728b)
Start importing Assets/art made/Textures/backboard_lambert1_Metallic.png using Guid(63166be6660bdc34296e0afd63b91882) Importer(815301076,1909f56bfc062723c751e8b465ee728b)  -> (artifact id: '5bb5d81fa17b466c0c9b9f063b81f057') in 0.015340 seconds
  Import took 0.018769 seconds .

========================================================================
Received Import Request.
  Time since last request: 19.417671 seconds.
  path: Assets/art made/Skybox/QUT-1.png
  artifactKey: Guid(1cb1c7d30b837d1449978c7388c84d30) Importer(815301076,1909f56bfc062723c751e8b465ee728b)
Start importing Assets/art made/Skybox/QUT-1.png using Guid(1cb1c7d30b837d1449978c7388c84d30) Importer(815301076,1909f56bfc062723c751e8b465ee728b)  -> (artifact id: '1ddc30f3c584e8693f5985c1fef70f8b') in 0.012867 seconds
  Import took 0.016057 seconds .

========================================================================
Received Import Request.
  Time since last request: 0.018790 seconds.
  path: Assets/art made/Skybox/QUT-1.png
  artifactKey: Guid(1cb1c7d30b837d1449978c7388c84d30) Importer(815301076,1909f56bfc062723c751e8b465ee728b)
Start importing Assets/art made/Skybox/QUT-1.png using Guid(1cb1c7d30b837d1449978c7388c84d30) Importer(815301076,1909f56bfc062723c751e8b465ee728b)  -> (artifact id: '1ddc30f3c584e8693f5985c1fef70f8b') in 0.019154 seconds
  Import took 0.022262 seconds .

========================================================================
Received Import Request.
  Time since last request: 9.806426 seconds.
  path: Assets/art made/Skybox/creative.png
  artifactKey: Guid(a6422d9e3e32ad74bbbdf5a02010f138) Importer(815301076,1909f56bfc062723c751e8b465ee728b)
Start importing Assets/art made/Skybox/creative.png using Guid(a6422d9e3e32ad74bbbdf5a02010f138) Importer(815301076,1909f56bfc062723c751e8b465ee728b)  -> (artifact id: 'd98a92ca27dede8529d1192e6094f4b4') in 0.014267 seconds
  Import took 0.017889 seconds .

========================================================================
Received Import Request.
  Time since last request: 0.029272 seconds.
  path: Assets/art made/Skybox/creative.png
  artifactKey: Guid(a6422d9e3e32ad74bbbdf5a02010f138) Importer(815301076,1909f56bfc062723c751e8b465ee728b)
Start importing Assets/art made/Skybox/creative.png using Guid(a6422d9e3e32ad74bbbdf5a02010f138) Importer(815301076,1909f56bfc062723c751e8b465ee728b)  -> (artifact id: 'd98a92ca27dede8529d1192e6094f4b4') in 0.009096 seconds
  Import took 0.012320 seconds .

========================================================================
Received Import Request.
  Time since last request: 17.954232 seconds.
  path: Assets/art made/Skybox/health.jpg
  artifactKey: Guid(56ff1f94deaed6646a3d315a63a8c0a6) Importer(815301076,1909f56bfc062723c751e8b465ee728b)
Start importing Assets/art made/Skybox/health.jpg using Guid(56ff1f94deaed6646a3d315a63a8c0a6) Importer(815301076,1909f56bfc062723c751e8b465ee728b)  -> (artifact id: '0e09e9799b7120e0479b1326844b1596') in 0.018784 seconds
  Import took 0.022257 seconds .

========================================================================
Received Import Request.
  Time since last request: 0.023730 seconds.
  path: Assets/art made/Skybox/health.jpg
  artifactKey: Guid(56ff1f94deaed6646a3d315a63a8c0a6) Importer(815301076,1909f56bfc062723c751e8b465ee728b)
Start importing Assets/art made/Skybox/health.jpg using Guid(56ff1f94deaed6646a3d315a63a8c0a6) Importer(815301076,1909f56bfc062723c751e8b465ee728b)  -> (artifact id: '0e09e9799b7120e0479b1326844b1596') in 0.010033 seconds
  Import took 0.015675 seconds .

========================================================================
Received Import Request.
  Time since last request: 10.546857 seconds.
  path: Assets/art made/Skybox/science.jpeg
  artifactKey: Guid(993e3babf7f8c5c4d9a3b99058952971) Importer(815301076,1909f56bfc062723c751e8b465ee728b)
Start importing Assets/art made/Skybox/science.jpeg using Guid(993e3babf7f8c5c4d9a3b99058952971) Importer(815301076,1909f56bfc062723c751e8b465ee728b)  -> (artifact id: '5a8a13572d35552209d46e8c60afc37f') in 0.022641 seconds
  Import took 0.025818 seconds .

========================================================================
Received Import Request.
  Time since last request: 0.022591 seconds.
  path: Assets/art made/Skybox/science.jpeg
  artifactKey: Guid(993e3babf7f8c5c4d9a3b99058952971) Importer(815301076,1909f56bfc062723c751e8b465ee728b)
Start importing Assets/art made/Skybox/science.jpeg using Guid(993e3babf7f8c5c4d9a3b99058952971) Importer(815301076,1909f56bfc062723c751e8b465ee728b)  -> (artifact id: '5a8a13572d35552209d46e8c60afc37f') in 0.009425 seconds
  Import took 0.014061 seconds .

========================================================================
Received Import Request.
  Time since last request: 874.643626 seconds.
  path: Assets/art made/Textures/128x128/Dirt
  artifactKey: Guid(434d99f10ae4f6549b533be142c19d3c) Importer(815301076,1909f56bfc062723c751e8b465ee728b)
Start importing Assets/art made/Textures/128x128/Dirt using Guid(434d99f10ae4f6549b533be142c19d3c) Importer(815301076,1909f56bfc062723c751e8b465ee728b)  -> (artifact id: '011dca92a19488c1433b4496edc83f4c') in 0.001735 seconds
  Import took 0.006297 seconds .

========================================================================
Received Import Request.
  Time since last request: 532.297562 seconds.
  path: Assets/Scenes/MainMenu.unity
  artifactKey: Guid(2464d0289be54084e879e387b2558648) Importer(815301076,1909f56bfc062723c751e8b465ee728b)
Start importing Assets/Scenes/MainMenu.unity using Guid(2464d0289be54084e879e387b2558648) Importer(815301076,1909f56bfc062723c751e8b465ee728b)  -> (artifact id: '2b2d5c8015ef64e5fc49a583e3145b41') in 0.002492 seconds
  Import took 0.007251 seconds .

========================================================================
Received Import Request.
  Time since last request: 94.518664 seconds.
  path: Assets/Scenes/IGB200.unity
  artifactKey: Guid(8d510c742594b0e4fa3e0bbb121de6f6) Importer(815301076,1909f56bfc062723c751e8b465ee728b)
Start importing Assets/Scenes/IGB200.unity using Guid(8d510c742594b0e4fa3e0bbb121de6f6) Importer(815301076,1909f56bfc062723c751e8b465ee728b)  -> (artifact id: '3e2a091b21b2e19cc52d06a2ddd15bbf') in 0.002386 seconds
  Import took 0.006190 seconds .

========================================================================
Received Prepare
Registering precompiled user dll's ...
Registered in 0.002949 seconds.
Begin MonoManager ReloadAssembly
Native extension for WindowsStandalone target not found
Refreshing native plugins compatible for Editor in 0.55 ms, found 6 plugins.
Preloading 0 native plugins for Editor in 0.00 ms.
Mono: successfully reloaded assembly
- Completed reload, in  0.614 seconds
Platform modules already initialized, skipping
Refreshing native plugins compatible for Editor in 0.57 ms, found 6 plugins.
Preloading 0 native plugins for Editor in 0.00 ms.
Unloading 2566 Unused Serialized files (Serialized files now loaded: 0)
System memory in use before: 118.7 MB.
System memory in use after: 118.9 MB.

Unloading 22 unused Assets to reduce memory usage. Loaded Objects now: 3101.
Total: 1.696300 ms (FindLiveObjects: 0.151000 ms CreateObjectMapping: 0.060300 ms MarkObjects: 1.408300 ms  DeleteObjects: 0.075800 ms)

========================================================================
Received Import Request.
  Time since last request: 131.366382 seconds.
  path: Assets/Scenes/Music version 2.unity
  artifactKey: Guid(8feda734ea6684941b09e6ffb8675c20) Importer(815301076,1909f56bfc062723c751e8b465ee728b)
Start importing Assets/Scenes/Music version 2.unity using Guid(8feda734ea6684941b09e6ffb8675c20) Importer(815301076,1909f56bfc062723c751e8b465ee728b)  -> (artifact id: '115c2ca39e4b3622f9cf4127eb8de02d') in 0.020102 seconds
  Import took 0.023389 seconds .

========================================================================
Received Import Request.
  Time since last request: 4.052927 seconds.
  path: Assets/Scenes/Music.unity
  artifactKey: Guid(08fc0c149e8fb364c81c7a71cc6fb23e) Importer(815301076,1909f56bfc062723c751e8b465ee728b)
Start importing Assets/Scenes/Music.unity using Guid(08fc0c149e8fb364c81c7a71cc6fb23e) Importer(815301076,1909f56bfc062723c751e8b465ee728b)  -> (artifact id: '597a86dd9212645a01b7580bec7a7767') in 0.003098 seconds
  Import took 0.006898 seconds .

========================================================================
Received Import Request.
  Time since last request: 1.913174 seconds.
  path: Assets/Scenes/Platformer Explained.unity
  artifactKey: Guid(8404c97dbf2d8b04996bb44c250b5faa) Importer(815301076,1909f56bfc062723c751e8b465ee728b)
Start importing Assets/Scenes/Platformer Explained.unity using Guid(8404c97dbf2d8b04996bb44c250b5faa) Importer(815301076,1909f56bfc062723c751e8b465ee728b)  -> (artifact id: '92a564f541e567472c3bc28606aaa524') in 0.001962 seconds
  Import took 0.005413 seconds .

AssetImportWorkerClient::OnTransportError - code=2 error=End of file
