Using pre-set license
Built from '2020.3/staging' branch; Version is '2020.3.4f1 (0abb6314276a) revision 703331'; Using compiler version '192528614'; Build Type 'Release'
OS: 'Windows 10 Home; OS build 22000.978; Version 2009; 64bit' Language: 'en' Physical Memory: 16245 MB
BatchMode: 1, IsHumanControllingUs: 0, StartBugReporterOnCrash: 0, Is64bit: 1, IsPro: 0

 COMMAND LINE ARGUMENTS:
C:\Program Files\Unity\Hub\Editor\2020.3.4f1\Editor\Unity.exe
-adb2
-batchMode
-noUpm
-name
AssetImportWorker0
-projectPath
C:/Users/timot/OneDrive/Desktop/Uni stuff/2022/Sem2/200/IBG/IGB200
-logFile
Logs/AssetImportWorker0.log
-srvPort
52337
Successfully changed project path to: C:/Users/timot/OneDrive/Desktop/Uni stuff/2022/Sem2/200/IBG/IGB200
C:/Users/timot/OneDrive/Desktop/Uni stuff/2022/Sem2/200/IBG/IGB200
Using Asset Import Pipeline V2.
Refreshing native plugins compatible for Editor in 41.96 ms, found 2 plugins.
Preloading 0 native plugins for Editor in 0.00 ms.
Initialize engine version: 2020.3.4f1 (0abb6314276a)
[Subsystems] Discovering subsystems at path C:/Program Files/Unity/Hub/Editor/2020.3.4f1/Editor/Data/Resources/UnitySubsystems
[Subsystems] Discovering subsystems at path C:/Users/timot/OneDrive/Desktop/Uni stuff/2022/Sem2/200/IBG/IGB200/Assets
GfxDevice: creating device client; threaded=0
Direct3D:
    Version:  Direct3D 11.0 [level 11.1]
    Renderer: NVIDIA GeForce RTX 2060 (ID=0x1f15)
    Vendor:   
    VRAM:     5980 MB
    Driver:   31.0.15.1694
Initialize mono
Mono path[0] = 'C:/Program Files/Unity/Hub/Editor/2020.3.4f1/Editor/Data/Managed'
Mono path[1] = 'C:/Program Files/Unity/Hub/Editor/2020.3.4f1/Editor/Data/MonoBleedingEdge/lib/mono/unityjit'
Mono config path = 'C:/Program Files/Unity/Hub/Editor/2020.3.4f1/Editor/Data/MonoBleedingEdge/etc'
Using monoOptions --debugger-agent=transport=dt_socket,embedding=1,server=y,suspend=n,address=127.0.0.1:56292
Begin MonoManager ReloadAssembly
Registering precompiled unity dll's ...
Register platform support module: C:/Program Files/Unity/Hub/Editor/2020.3.4f1/Editor/Data/PlaybackEngines/WindowsStandaloneSupport/UnityEditor.WindowsStandalone.Extensions.dll
Registered in 0.001364 seconds.
Native extension for WindowsStandalone target not found
Refreshing native plugins compatible for Editor in 41.66 ms, found 2 plugins.
Preloading 0 native plugins for Editor in 0.00 ms.
Mono: successfully reloaded assembly
- Completed reload, in  0.933 seconds
Platform modules already initialized, skipping
Registering precompiled user dll's ...
Registered in 0.002282 seconds.
Begin MonoManager ReloadAssembly
Symbol file data-000002628819C060 doesn't match image C:\Users\timot\OneDrive\Desktop\Uni stuff\2022\Sem2\200\IBG\IGB200\Library\ScriptAssemblies\Unity.Services.Core.Editor.dll
Symbol file LoadedFromMemory is not a mono symbol file
Symbol file data-00000262880D1710 doesn't match image C:\Users\timot\OneDrive\Desktop\Uni stuff\2022\Sem2\200\IBG\IGB200\Library\ScriptAssemblies\Unity.VSCode.Editor.dll
Symbol file LoadedFromMemory is not a mono symbol file
Symbol file data-000002628D7EBC60 doesn't match image C:\Users\timot\OneDrive\Desktop\Uni stuff\2022\Sem2\200\IBG\IGB200\Library\ScriptAssemblies\Unity.TextMeshPro.Editor.dll
Symbol file LoadedFromMemory is not a mono symbol file
Symbol file data-000002628819C060 doesn't match image C:\Users\timot\OneDrive\Desktop\Uni stuff\2022\Sem2\200\IBG\IGB200\Library\ScriptAssemblies\Unity.VisualStudio.Editor.dll
Symbol file LoadedFromMemory is not a mono symbol file
Symbol file data-0000026287EAF230 doesn't match image C:\Users\timot\OneDrive\Desktop\Uni stuff\2022\Sem2\200\IBG\IGB200\Library\ScriptAssemblies\UnityEngine.TestRunner.dll
Symbol file LoadedFromMemory is not a mono symbol file
Symbol file data-000002628D630080 doesn't match image C:\Users\timot\OneDrive\Desktop\Uni stuff\2022\Sem2\200\IBG\IGB200\Library\ScriptAssemblies\Unity.Timeline.Editor.dll
Symbol file LoadedFromMemory is not a mono symbol file
Symbol file data-000002628D7EBC60 doesn't match image C:\Users\timot\OneDrive\Desktop\Uni stuff\2022\Sem2\200\IBG\IGB200\Library\ScriptAssemblies\Unity.Timeline.dll
Symbol file LoadedFromMemory is not a mono symbol file
Symbol file data-00000262885C80B0 doesn't match image C:\Users\timot\OneDrive\Desktop\Uni stuff\2022\Sem2\200\IBG\IGB200\Library\ScriptAssemblies\Unity.TextMeshPro.dll
Symbol file LoadedFromMemory is not a mono symbol file
Symbol file data-0000026287EAF230 doesn't match image C:\Users\timot\OneDrive\Desktop\Uni stuff\2022\Sem2\200\IBG\IGB200\Library\ScriptAssemblies\Unity.CollabProxy.Editor.dll
Symbol file LoadedFromMemory is not a mono symbol file
Symbol file data-000002628D7EBC60 doesn't match image C:\Users\timot\OneDrive\Desktop\Uni stuff\2022\Sem2\200\IBG\IGB200\Library\ScriptAssemblies\UnityEditor.TestRunner.dll
Symbol file LoadedFromMemory is not a mono symbol file
Symbol file data-000002628D1E9E20 doesn't match image C:\Users\timot\OneDrive\Desktop\Uni stuff\2022\Sem2\200\IBG\IGB200\Library\ScriptAssemblies\UnityEditor.UI.dll
Symbol file LoadedFromMemory is not a mono symbol file
Symbol file data-00000262882365E0 doesn't match image C:\Users\timot\OneDrive\Desktop\Uni stuff\2022\Sem2\200\IBG\IGB200\Library\ScriptAssemblies\Unity.PlasticSCM.Editor.dll
Symbol file LoadedFromMemory is not a mono symbol file
Symbol file data-000002628D1E9E20 doesn't match image C:\Users\timot\OneDrive\Desktop\Uni stuff\2022\Sem2\200\IBG\IGB200\Library\ScriptAssemblies\Unity.Rider.Editor.dll
Symbol file LoadedFromMemory is not a mono symbol file
Symbol file data-00000262882481F0 doesn't match image C:\Users\timot\OneDrive\Desktop\Uni stuff\2022\Sem2\200\IBG\IGB200\Library\ScriptAssemblies\UnityEngine.UI.dll
Symbol file LoadedFromMemory is not a mono symbol file
Native extension for WindowsStandalone target not found
Refreshing native plugins compatible for Editor in 0.46 ms, found 2 plugins.
Preloading 0 native plugins for Editor in 0.00 ms.
Mono: successfully reloaded assembly
- Completed reload, in  0.905 seconds
Platform modules already initialized, skipping
========================================================================
Worker process is ready to serve import requests
Launched and connected shader compiler UnityShaderCompiler.exe after 0.04 seconds
Refreshing native plugins compatible for Editor in 0.43 ms, found 2 plugins.
Preloading 0 native plugins for Editor in 0.00 ms.
Unloading 1902 Unused Serialized files (Serialized files now loaded: 0)
System memory in use before: 88.3 MB.
System memory in use after: 88.4 MB.

Unloading 17 unused Assets to reduce memory usage. Loaded Objects now: 2342.
Total: 2.743100 ms (FindLiveObjects: 0.258200 ms CreateObjectMapping: 0.080100 ms MarkObjects: 2.266400 ms  DeleteObjects: 0.136800 ms)

========================================================================
Received Import Request.
  path: Assets/Scenes/Music.unity
  artifactKey: Guid(08fc0c149e8fb364c81c7a71cc6fb23e) Importer(815301076,1909f56bfc062723c751e8b465ee728b)
Start importing Assets/Scenes/Music.unity using Guid(08fc0c149e8fb364c81c7a71cc6fb23e) Importer(815301076,1909f56bfc062723c751e8b465ee728b)  -> (artifact id: '25959d51ed034f9f1cc5134be2ae7b0f') in 0.015413 seconds
  Import took 0.018574 seconds .

AssetImportWorkerClient::OnTransportError - code=2 error=End of file
