Using pre-set license
Built from '2020.3/staging' branch; Version is '2020.3.4f1 (0abb6314276a) revision 703331'; Using compiler version '192528614'; Build Type 'Release'
OS: 'Windows 10 Home; OS build 22000.978; Version 2009; 64bit' Language: 'en' Physical Memory: 16245 MB
BatchMode: 1, IsHumanControllingUs: 0, StartBugReporterOnCrash: 0, Is64bit: 1, IsPro: 0

 COMMAND LINE ARGUMENTS:
C:\Program Files\Unity\Hub\Editor\2020.3.4f1\Editor\Unity.exe
-adb2
-batchMode
-noUpm
-name
AssetImportWorker1
-projectPath
C:/Users/timot/OneDrive/Desktop/Uni stuff/2022/Sem2/200/IBG/IGB200
-logFile
Logs/AssetImportWorker1.log
-srvPort
50085
Successfully changed project path to: C:/Users/timot/OneDrive/Desktop/Uni stuff/2022/Sem2/200/IBG/IGB200
C:/Users/timot/OneDrive/Desktop/Uni stuff/2022/Sem2/200/IBG/IGB200
Using Asset Import Pipeline V2.
Refreshing native plugins compatible for Editor in 43.72 ms, found 2 plugins.
Preloading 0 native plugins for Editor in 0.00 ms.
Initialize engine version: 2020.3.4f1 (0abb6314276a)
[Subsystems] Discovering subsystems at path C:/Program Files/Unity/Hub/Editor/2020.3.4f1/Editor/Data/Resources/UnitySubsystems
[Subsystems] Discovering subsystems at path C:/Users/timot/OneDrive/Desktop/Uni stuff/2022/Sem2/200/IBG/IGB200/Assets
GfxDevice: creating device client; threaded=0
Direct3D:
    Version:  Direct3D 11.0 [level 11.1]
    Renderer: NVIDIA GeForce RTX 2060 (ID=0x1f15)
    Vendor:   
    VRAM:     5980 MB
    Driver:   31.0.15.1694
Initialize mono
Mono path[0] = 'C:/Program Files/Unity/Hub/Editor/2020.3.4f1/Editor/Data/Managed'
Mono path[1] = 'C:/Program Files/Unity/Hub/Editor/2020.3.4f1/Editor/Data/MonoBleedingEdge/lib/mono/unityjit'
Mono config path = 'C:/Program Files/Unity/Hub/Editor/2020.3.4f1/Editor/Data/MonoBleedingEdge/etc'
Using monoOptions --debugger-agent=transport=dt_socket,embedding=1,server=y,suspend=n,address=127.0.0.1:56036
Begin MonoManager ReloadAssembly
Registering precompiled unity dll's ...
Register platform support module: C:/Program Files/Unity/Hub/Editor/2020.3.4f1/Editor/Data/PlaybackEngines/WindowsStandaloneSupport/UnityEditor.WindowsStandalone.Extensions.dll
Registered in 0.001155 seconds.
Native extension for WindowsStandalone target not found
Refreshing native plugins compatible for Editor in 43.02 ms, found 2 plugins.
Preloading 0 native plugins for Editor in 0.00 ms.
Mono: successfully reloaded assembly
- Completed reload, in  0.965 seconds
Platform modules already initialized, skipping
Registering precompiled user dll's ...
Registered in 0.002230 seconds.
Begin MonoManager ReloadAssembly
Symbol file data-0000026AF27BE3C0 doesn't match image C:\Users\timot\OneDrive\Desktop\Uni stuff\2022\Sem2\200\IBG\IGB200\Library\ScriptAssemblies\Unity.Services.Core.Editor.dll
Symbol file LoadedFromMemory is not a mono symbol file
Symbol file data-0000026AF75FA9D0 doesn't match image C:\Users\timot\OneDrive\Desktop\Uni stuff\2022\Sem2\200\IBG\IGB200\Library\ScriptAssemblies\Unity.VSCode.Editor.dll
Symbol file LoadedFromMemory is not a mono symbol file
Symbol file data-0000026AF22B0010 doesn't match image C:\Users\timot\OneDrive\Desktop\Uni stuff\2022\Sem2\200\IBG\IGB200\Library\ScriptAssemblies\Unity.TextMeshPro.Editor.dll
Symbol file LoadedFromMemory is not a mono symbol file
Symbol file data-0000026AF2178030 doesn't match image C:\Users\timot\OneDrive\Desktop\Uni stuff\2022\Sem2\200\IBG\IGB200\Library\ScriptAssemblies\Unity.VisualStudio.Editor.dll
Symbol file LoadedFromMemory is not a mono symbol file
Symbol file data-0000026AF213FBD0 doesn't match image C:\Users\timot\OneDrive\Desktop\Uni stuff\2022\Sem2\200\IBG\IGB200\Library\ScriptAssemblies\UnityEngine.TestRunner.dll
Symbol file LoadedFromMemory is not a mono symbol file
Symbol file data-0000026AF2A52870 doesn't match image C:\Users\timot\OneDrive\Desktop\Uni stuff\2022\Sem2\200\IBG\IGB200\Library\ScriptAssemblies\Unity.Timeline.Editor.dll
Symbol file LoadedFromMemory is not a mono symbol file
Symbol file data-0000026AF213FBD0 doesn't match image C:\Users\timot\OneDrive\Desktop\Uni stuff\2022\Sem2\200\IBG\IGB200\Library\ScriptAssemblies\Unity.Timeline.dll
Symbol file LoadedFromMemory is not a mono symbol file
Symbol file data-0000026AF82AA020 doesn't match image C:\Users\timot\OneDrive\Desktop\Uni stuff\2022\Sem2\200\IBG\IGB200\Library\ScriptAssemblies\Unity.TextMeshPro.dll
Symbol file LoadedFromMemory is not a mono symbol file
Symbol file data-0000026AF213FBD0 doesn't match image C:\Users\timot\OneDrive\Desktop\Uni stuff\2022\Sem2\200\IBG\IGB200\Library\ScriptAssemblies\Unity.CollabProxy.Editor.dll
Symbol file LoadedFromMemory is not a mono symbol file
Symbol file data-0000026AF68C1930 doesn't match image C:\Users\timot\OneDrive\Desktop\Uni stuff\2022\Sem2\200\IBG\IGB200\Library\ScriptAssemblies\UnityEditor.TestRunner.dll
Symbol file LoadedFromMemory is not a mono symbol file
Symbol file data-0000026AF2178030 doesn't match image C:\Users\timot\OneDrive\Desktop\Uni stuff\2022\Sem2\200\IBG\IGB200\Library\ScriptAssemblies\UnityEditor.UI.dll
Symbol file LoadedFromMemory is not a mono symbol file
Symbol file data-0000026AF2A52870 doesn't match image C:\Users\timot\OneDrive\Desktop\Uni stuff\2022\Sem2\200\IBG\IGB200\Library\ScriptAssemblies\Unity.PlasticSCM.Editor.dll
Symbol file LoadedFromMemory is not a mono symbol file
Symbol file data-0000026AF25598D0 doesn't match image C:\Users\timot\OneDrive\Desktop\Uni stuff\2022\Sem2\200\IBG\IGB200\Library\ScriptAssemblies\Unity.Rider.Editor.dll
Symbol file LoadedFromMemory is not a mono symbol file
Symbol file data-0000026AF6B56630 doesn't match image C:\Users\timot\OneDrive\Desktop\Uni stuff\2022\Sem2\200\IBG\IGB200\Library\ScriptAssemblies\UnityEngine.UI.dll
Symbol file LoadedFromMemory is not a mono symbol file
Native extension for WindowsStandalone target not found
Refreshing native plugins compatible for Editor in 0.56 ms, found 2 plugins.
Preloading 0 native plugins for Editor in 0.00 ms.
Mono: successfully reloaded assembly
- Completed reload, in  0.925 seconds
Platform modules already initialized, skipping
========================================================================
Worker process is ready to serve import requests
Launched and connected shader compiler UnityShaderCompiler.exe after 0.04 seconds
Refreshing native plugins compatible for Editor in 0.79 ms, found 2 plugins.
Preloading 0 native plugins for Editor in 0.00 ms.
Unloading 1905 Unused Serialized files (Serialized files now loaded: 0)
System memory in use before: 88.5 MB.
System memory in use after: 88.5 MB.

Unloading 17 unused Assets to reduce memory usage. Loaded Objects now: 2345.
Total: 2.250000 ms (FindLiveObjects: 0.188500 ms CreateObjectMapping: 0.076700 ms MarkObjects: 1.864000 ms  DeleteObjects: 0.119900 ms)

========================================================================
Received Import Request.
  path: Assets/Prefabs/Snake/Tail.prefab
  artifactKey: Guid(3b51d98053b64a141b08f2c95f1246d4) Importer(815301076,1909f56bfc062723c751e8b465ee728b)
Start importing Assets/Prefabs/Snake/Tail.prefab using Guid(3b51d98053b64a141b08f2c95f1246d4) Importer(815301076,1909f56bfc062723c751e8b465ee728b)  -> (artifact id: '263cb4ee86ca2479b99300afbb5a36be') in 0.093236 seconds
  Import took 0.096074 seconds .

========================================================================
Received Prepare
Registering precompiled user dll's ...
Registered in 0.002200 seconds.
Begin MonoManager ReloadAssembly
Symbol file data-0000026AF68AB030 doesn't match image C:\Users\timot\OneDrive\Desktop\Uni stuff\2022\Sem2\200\IBG\IGB200\Library\ScriptAssemblies\Unity.Services.Core.Editor.dll
Symbol file LoadedFromMemory is not a mono symbol file
Symbol file data-0000026AF25AAED0 doesn't match image C:\Users\timot\OneDrive\Desktop\Uni stuff\2022\Sem2\200\IBG\IGB200\Library\ScriptAssemblies\Unity.VSCode.Editor.dll
Symbol file LoadedFromMemory is not a mono symbol file
Symbol file data-0000026AF8586020 doesn't match image C:\Users\timot\OneDrive\Desktop\Uni stuff\2022\Sem2\200\IBG\IGB200\Library\ScriptAssemblies\Unity.TextMeshPro.Editor.dll
Symbol file LoadedFromMemory is not a mono symbol file
Symbol file data-0000026AFA0FA9D0 doesn't match image C:\Users\timot\OneDrive\Desktop\Uni stuff\2022\Sem2\200\IBG\IGB200\Library\ScriptAssemblies\Unity.VisualStudio.Editor.dll
Symbol file LoadedFromMemory is not a mono symbol file
Symbol file data-0000026AF6D60010 doesn't match image C:\Users\timot\OneDrive\Desktop\Uni stuff\2022\Sem2\200\IBG\IGB200\Library\ScriptAssemblies\UnityEngine.TestRunner.dll
Symbol file LoadedFromMemory is not a mono symbol file
Symbol file data-0000026AF2413250 doesn't match image C:\Users\timot\OneDrive\Desktop\Uni stuff\2022\Sem2\200\IBG\IGB200\Library\ScriptAssemblies\Unity.Timeline.Editor.dll
Symbol file LoadedFromMemory is not a mono symbol file
Symbol file data-0000026AF6D60010 doesn't match image C:\Users\timot\OneDrive\Desktop\Uni stuff\2022\Sem2\200\IBG\IGB200\Library\ScriptAssemblies\Unity.Timeline.dll
Symbol file LoadedFromMemory is not a mono symbol file
Symbol file data-0000026AF2A52870 doesn't match image C:\Users\timot\OneDrive\Desktop\Uni stuff\2022\Sem2\200\IBG\IGB200\Library\ScriptAssemblies\Unity.TextMeshPro.dll
Symbol file LoadedFromMemory is not a mono symbol file
Symbol file data-0000026AF6D60010 doesn't match image C:\Users\timot\OneDrive\Desktop\Uni stuff\2022\Sem2\200\IBG\IGB200\Library\ScriptAssemblies\Unity.CollabProxy.Editor.dll
Symbol file LoadedFromMemory is not a mono symbol file
Symbol file data-0000026AF851E030 doesn't match image C:\Users\timot\OneDrive\Desktop\Uni stuff\2022\Sem2\200\IBG\IGB200\Library\ScriptAssemblies\UnityEditor.TestRunner.dll
Symbol file LoadedFromMemory is not a mono symbol file
Symbol file data-0000026AFA0FA9D0 doesn't match image C:\Users\timot\OneDrive\Desktop\Uni stuff\2022\Sem2\200\IBG\IGB200\Library\ScriptAssemblies\UnityEditor.UI.dll
Symbol file LoadedFromMemory is not a mono symbol file
Symbol file data-0000026AF680F020 doesn't match image C:\Users\timot\OneDrive\Desktop\Uni stuff\2022\Sem2\200\IBG\IGB200\Library\ScriptAssemblies\Unity.PlasticSCM.Editor.dll
Symbol file LoadedFromMemory is not a mono symbol file
Symbol file data-0000026AF68AB030 doesn't match image C:\Users\timot\OneDrive\Desktop\Uni stuff\2022\Sem2\200\IBG\IGB200\Library\ScriptAssemblies\Unity.Rider.Editor.dll
Symbol file LoadedFromMemory is not a mono symbol file
Symbol file data-0000026AFA1D9030 doesn't match image C:\Users\timot\OneDrive\Desktop\Uni stuff\2022\Sem2\200\IBG\IGB200\Library\ScriptAssemblies\UnityEngine.UI.dll
Symbol file LoadedFromMemory is not a mono symbol file
Native extension for WindowsStandalone target not found
Refreshing native plugins compatible for Editor in 0.48 ms, found 2 plugins.
Preloading 0 native plugins for Editor in 0.00 ms.
Mono: successfully reloaded assembly
- Completed reload, in  0.864 seconds
Platform modules already initialized, skipping
Refreshing native plugins compatible for Editor in 0.46 ms, found 2 plugins.
Preloading 0 native plugins for Editor in 0.00 ms.
Unloading 1864 Unused Serialized files (Serialized files now loaded: 0)
System memory in use before: 88.0 MB.
System memory in use after: 88.1 MB.

Unloading 12 unused Assets to reduce memory usage. Loaded Objects now: 2354.
Total: 1.871900 ms (FindLiveObjects: 0.214100 ms CreateObjectMapping: 0.082400 ms MarkObjects: 1.515200 ms  DeleteObjects: 0.059400 ms)

========================================================================
Received Prepare
Registering precompiled user dll's ...
Registered in 0.002231 seconds.
Begin MonoManager ReloadAssembly
Symbol file data-0000026AF68AB030 doesn't match image C:\Users\timot\OneDrive\Desktop\Uni stuff\2022\Sem2\200\IBG\IGB200\Library\ScriptAssemblies\Unity.Services.Core.Editor.dll
Symbol file LoadedFromMemory is not a mono symbol file
Symbol file data-0000026AF2150060 doesn't match image C:\Users\timot\OneDrive\Desktop\Uni stuff\2022\Sem2\200\IBG\IGB200\Library\ScriptAssemblies\Unity.VSCode.Editor.dll
Symbol file LoadedFromMemory is not a mono symbol file
Symbol file data-0000026AF851E030 doesn't match image C:\Users\timot\OneDrive\Desktop\Uni stuff\2022\Sem2\200\IBG\IGB200\Library\ScriptAssemblies\Unity.TextMeshPro.Editor.dll
Symbol file LoadedFromMemory is not a mono symbol file
Symbol file data-0000026AFC9107A0 doesn't match image C:\Users\timot\OneDrive\Desktop\Uni stuff\2022\Sem2\200\IBG\IGB200\Library\ScriptAssemblies\Unity.VisualStudio.Editor.dll
Symbol file LoadedFromMemory is not a mono symbol file
Symbol file data-0000026AF9CDA020 doesn't match image C:\Users\timot\OneDrive\Desktop\Uni stuff\2022\Sem2\200\IBG\IGB200\Library\ScriptAssemblies\UnityEngine.TestRunner.dll
Symbol file LoadedFromMemory is not a mono symbol file
Symbol file data-0000026AF9C88570 doesn't match image C:\Users\timot\OneDrive\Desktop\Uni stuff\2022\Sem2\200\IBG\IGB200\Library\ScriptAssemblies\Unity.Timeline.Editor.dll
Symbol file LoadedFromMemory is not a mono symbol file
Symbol file data-0000026AF851E030 doesn't match image C:\Users\timot\OneDrive\Desktop\Uni stuff\2022\Sem2\200\IBG\IGB200\Library\ScriptAssemblies\Unity.Timeline.dll
Symbol file LoadedFromMemory is not a mono symbol file
Symbol file data-0000026AF886C040 doesn't match image C:\Users\timot\OneDrive\Desktop\Uni stuff\2022\Sem2\200\IBG\IGB200\Library\ScriptAssemblies\Unity.TextMeshPro.dll
Symbol file LoadedFromMemory is not a mono symbol file
Symbol file data-0000026AF9CDA020 doesn't match image C:\Users\timot\OneDrive\Desktop\Uni stuff\2022\Sem2\200\IBG\IGB200\Library\ScriptAssemblies\Unity.CollabProxy.Editor.dll
Symbol file LoadedFromMemory is not a mono symbol file
Symbol file data-0000026AF6B56630 doesn't match image C:\Users\timot\OneDrive\Desktop\Uni stuff\2022\Sem2\200\IBG\IGB200\Library\ScriptAssemblies\UnityEditor.TestRunner.dll
Symbol file LoadedFromMemory is not a mono symbol file
Symbol file data-0000026AFC9107A0 doesn't match image C:\Users\timot\OneDrive\Desktop\Uni stuff\2022\Sem2\200\IBG\IGB200\Library\ScriptAssemblies\UnityEditor.UI.dll
Symbol file LoadedFromMemory is not a mono symbol file
Symbol file data-0000026AF6DA2020 doesn't match image C:\Users\timot\OneDrive\Desktop\Uni stuff\2022\Sem2\200\IBG\IGB200\Library\ScriptAssemblies\Unity.PlasticSCM.Editor.dll
Symbol file LoadedFromMemory is not a mono symbol file
Symbol file data-0000026AF68AB030 doesn't match image C:\Users\timot\OneDrive\Desktop\Uni stuff\2022\Sem2\200\IBG\IGB200\Library\ScriptAssemblies\Unity.Rider.Editor.dll
Symbol file LoadedFromMemory is not a mono symbol file
Symbol file data-0000026AFA1D9030 doesn't match image C:\Users\timot\OneDrive\Desktop\Uni stuff\2022\Sem2\200\IBG\IGB200\Library\ScriptAssemblies\UnityEngine.UI.dll
Symbol file LoadedFromMemory is not a mono symbol file
Native extension for WindowsStandalone target not found
Refreshing native plugins compatible for Editor in 0.51 ms, found 2 plugins.
Preloading 0 native plugins for Editor in 0.00 ms.
Mono: successfully reloaded assembly
- Completed reload, in  0.872 seconds
Platform modules already initialized, skipping
Refreshing native plugins compatible for Editor in 0.45 ms, found 2 plugins.
Preloading 0 native plugins for Editor in 0.00 ms.
Unloading 1864 Unused Serialized files (Serialized files now loaded: 0)
System memory in use before: 88.0 MB.
System memory in use after: 88.1 MB.

Unloading 12 unused Assets to reduce memory usage. Loaded Objects now: 2356.
Total: 2.210100 ms (FindLiveObjects: 0.276800 ms CreateObjectMapping: 0.081500 ms MarkObjects: 1.787300 ms  DeleteObjects: 0.064000 ms)

========================================================================
Received Prepare
Registering precompiled user dll's ...
Registered in 0.002063 seconds.
Begin MonoManager ReloadAssembly
Symbol file data-0000026AF2840040 doesn't match image C:\Users\timot\OneDrive\Desktop\Uni stuff\2022\Sem2\200\IBG\IGB200\Library\ScriptAssemblies\Unity.Services.Core.Editor.dll
Symbol file LoadedFromMemory is not a mono symbol file
Symbol file data-0000026AFBBA7250 doesn't match image C:\Users\timot\OneDrive\Desktop\Uni stuff\2022\Sem2\200\IBG\IGB200\Library\ScriptAssemblies\Unity.VSCode.Editor.dll
Symbol file LoadedFromMemory is not a mono symbol file
Symbol file data-0000026AF8586020 doesn't match image C:\Users\timot\OneDrive\Desktop\Uni stuff\2022\Sem2\200\IBG\IGB200\Library\ScriptAssemblies\Unity.TextMeshPro.Editor.dll
Symbol file LoadedFromMemory is not a mono symbol file
Symbol file data-0000026AFC9107A0 doesn't match image C:\Users\timot\OneDrive\Desktop\Uni stuff\2022\Sem2\200\IBG\IGB200\Library\ScriptAssemblies\Unity.VisualStudio.Editor.dll
Symbol file LoadedFromMemory is not a mono symbol file
Symbol file data-0000026AFB340D60 doesn't match image C:\Users\timot\OneDrive\Desktop\Uni stuff\2022\Sem2\200\IBG\IGB200\Library\ScriptAssemblies\UnityEngine.TestRunner.dll
Symbol file LoadedFromMemory is not a mono symbol file
Symbol file data-0000026AFC2273D0 doesn't match image C:\Users\timot\OneDrive\Desktop\Uni stuff\2022\Sem2\200\IBG\IGB200\Library\ScriptAssemblies\Unity.Timeline.Editor.dll
Symbol file LoadedFromMemory is not a mono symbol file
Symbol file data-0000026AFA74A010 doesn't match image C:\Users\timot\OneDrive\Desktop\Uni stuff\2022\Sem2\200\IBG\IGB200\Library\ScriptAssemblies\Unity.Timeline.dll
Symbol file LoadedFromMemory is not a mono symbol file
Symbol file data-0000026AFB037100 doesn't match image C:\Users\timot\OneDrive\Desktop\Uni stuff\2022\Sem2\200\IBG\IGB200\Library\ScriptAssemblies\Unity.TextMeshPro.dll
Symbol file LoadedFromMemory is not a mono symbol file
Symbol file data-0000026AF9CDA020 doesn't match image C:\Users\timot\OneDrive\Desktop\Uni stuff\2022\Sem2\200\IBG\IGB200\Library\ScriptAssemblies\Unity.CollabProxy.Editor.dll
Symbol file LoadedFromMemory is not a mono symbol file
Symbol file data-0000026AF68C1930 doesn't match image C:\Users\timot\OneDrive\Desktop\Uni stuff\2022\Sem2\200\IBG\IGB200\Library\ScriptAssemblies\UnityEditor.TestRunner.dll
Symbol file LoadedFromMemory is not a mono symbol file
Symbol file data-0000026AF2267250 doesn't match image C:\Users\timot\OneDrive\Desktop\Uni stuff\2022\Sem2\200\IBG\IGB200\Library\ScriptAssemblies\UnityEditor.UI.dll
Symbol file LoadedFromMemory is not a mono symbol file
Symbol file data-0000026AF9C88570 doesn't match image C:\Users\timot\OneDrive\Desktop\Uni stuff\2022\Sem2\200\IBG\IGB200\Library\ScriptAssemblies\Unity.PlasticSCM.Editor.dll
Symbol file LoadedFromMemory is not a mono symbol file
Symbol file data-0000026AF2840040 doesn't match image C:\Users\timot\OneDrive\Desktop\Uni stuff\2022\Sem2\200\IBG\IGB200\Library\ScriptAssemblies\Unity.Rider.Editor.dll
Symbol file LoadedFromMemory is not a mono symbol file
Symbol file data-0000026AFA1D9030 doesn't match image C:\Users\timot\OneDrive\Desktop\Uni stuff\2022\Sem2\200\IBG\IGB200\Library\ScriptAssemblies\UnityEngine.UI.dll
Symbol file LoadedFromMemory is not a mono symbol file
Native extension for WindowsStandalone target not found
Refreshing native plugins compatible for Editor in 0.45 ms, found 2 plugins.
Preloading 0 native plugins for Editor in 0.00 ms.
Mono: successfully reloaded assembly
- Completed reload, in  0.808 seconds
Platform modules already initialized, skipping
Refreshing native plugins compatible for Editor in 0.49 ms, found 2 plugins.
Preloading 0 native plugins for Editor in 0.00 ms.
Unloading 1864 Unused Serialized files (Serialized files now loaded: 0)
System memory in use before: 88.0 MB.
System memory in use after: 88.1 MB.

Unloading 12 unused Assets to reduce memory usage. Loaded Objects now: 2358.
Total: 2.077900 ms (FindLiveObjects: 0.211600 ms CreateObjectMapping: 0.083200 ms MarkObjects: 1.719600 ms  DeleteObjects: 0.062700 ms)

AssetImportWorkerClient::OnTransportError - code=2 error=End of file
